2021-06-27 00:52:46 [restartedMain] INFO  com.alethe.opf.OpfApplication -
				Starting OpfApplication on localhost.localdomain with PID 10466 (/home/kunal/opf_project/opf/target/classes started by kunal in /home/kunal/opf_project/opf)
2021-06-27 00:52:46 [restartedMain] DEBUG com.alethe.opf.OpfApplication -
				Running with Spring Boot v2.0.4.RELEASE, Spring v5.0.8.RELEASE
2021-06-27 00:52:46 [restartedMain] INFO  com.alethe.opf.OpfApplication -
				No active profile set, falling back to default profiles: default
2021-06-27 15:48:00 [restartedMain] INFO  com.alethe.opf.OpfApplication -
				Starting OpfApplication on localhost.localdomain with PID 4624 (/home/kunal/opf_project/opf/target/classes started by kunal in /home/kunal/opf_project/opf)
2021-06-27 15:48:00 [restartedMain] DEBUG com.alethe.opf.OpfApplication -
				Running with Spring Boot v2.0.4.RELEASE, Spring v5.0.8.RELEASE
2021-06-27 15:48:00 [restartedMain] INFO  com.alethe.opf.OpfApplication -
				No active profile set, falling back to default profiles: default
2021-06-27 15:55:18 [restartedMain] INFO  com.alethe.opf.OpfApplication -
				Starting OpfApplication on localhost.localdomain with PID 4965 (/home/kunal/opf_project/opf/target/classes started by kunal in /home/kunal/opf_project/opf)
2021-06-27 15:55:18 [restartedMain] DEBUG com.alethe.opf.OpfApplication -
				Running with Spring Boot v2.0.4.RELEASE, Spring v5.0.8.RELEASE
2021-06-27 15:55:18 [restartedMain] INFO  com.alethe.opf.OpfApplication -
				No active profile set, falling back to default profiles: default
2021-06-27 15:57:46 [restartedMain] INFO  com.alethe.opf.OpfApplication -
				Starting OpfApplication on localhost.localdomain with PID 5098 (/home/kunal/opf_project/opf/target/classes started by kunal in /home/kunal/opf_project/opf)
2021-06-27 15:57:46 [restartedMain] DEBUG com.alethe.opf.OpfApplication -
				Running with Spring Boot v2.0.4.RELEASE, Spring v5.0.8.RELEASE
2021-06-27 15:57:46 [restartedMain] INFO  com.alethe.opf.OpfApplication -
				No active profile set, falling back to default profiles: default
2021-06-27 16:02:43 [restartedMain] INFO  com.alethe.opf.OpfApplication -
				Starting OpfApplication on localhost.localdomain with PID 5361 (/home/kunal/opf_project/opf/target/classes started by kunal in /home/kunal/opf_project/opf)
2021-06-27 16:02:43 [restartedMain] DEBUG com.alethe.opf.OpfApplication -
				Running with Spring Boot v2.0.4.RELEASE, Spring v5.0.8.RELEASE
2021-06-27 16:02:43 [restartedMain] INFO  com.alethe.opf.OpfApplication -
				No active profile set, falling back to default profiles: default
2021-06-27 16:16:09 [restartedMain] INFO  com.alethe.opf.OpfApplication -
				Starting OpfApplication on localhost.localdomain with PID 6315 (/home/kunal/opf_project/opf/target/classes started by kunal in /home/kunal/opf_project/opf)
2021-06-27 16:16:09 [restartedMain] DEBUG com.alethe.opf.OpfApplication -
				Running with Spring Boot v2.0.4.RELEASE, Spring v5.0.8.RELEASE
2021-06-27 16:16:09 [restartedMain] INFO  com.alethe.opf.OpfApplication -
				No active profile set, falling back to default profiles: default
